<?xml version="1.0" encoding="UTF-8"?>
<!-- Generated by org.testng.reporters.JUnitReportReporter -->
<testsuite hostname="QT-INBG-LT0245" failures="0" tests="1" name="project.Order_Page" time="24.179" errors="0" timestamp="2022-09-19T17:04:04 IST" skipped="0">
  <testcase classname="project.Order_Page" name="sign" time="24.179"/>
  <system-out/>
</testsuite> <!-- project.Order_Page -->
