<?xml version="1.0" encoding="UTF-8"?>
<!-- Generated by org.testng.reporters.JUnitReportReporter -->
<testsuite hostname="QT-INBG-LT0245" failures="0" tests="1" name="project.Sign_Up" time="21.350" errors="0" timestamp="2022-09-19T17:07:52 IST" skipped="0">
  <testcase classname="project.Sign_Up" name="signup" time="21.350"/>
  <system-out/>
</testsuite> <!-- project.Sign_Up -->
