<?xml version="1.0" encoding="UTF-8"?>
<!-- Generated by org.testng.reporters.JUnitReportReporter -->
<testsuite hostname="QT-INBG-LT0245" failures="0" tests="1" name="automation_testing.Sign_In" time="10.135" errors="0" timestamp="2022-09-19T14:15:39 IST" skipped="0">
  <testcase classname="automation_testing.Sign_In" name="signin" time="10.135"/>
  <system-out/>
</testsuite> <!-- automation_testing.Sign_In -->
