<?xml version="1.0" encoding="UTF-8"?>
<!-- Generated by org.testng.reporters.JUnitReportReporter -->
<testsuite hostname="QT-INBG-LT0245" failures="0" tests="1" name="project.Sign_In" time="7.852" errors="0" timestamp="2022-09-19T17:04:04 IST" skipped="0">
  <testcase classname="project.Sign_In" name="signin" time="7.852"/>
  <system-out/>
</testsuite> <!-- project.Sign_In -->
